<?xml version="1.0" encoding="UTF-8"?>
<testsuite name="MyBatisSqlSessionFactoryTest" tests="1" skipped="0" failures="0" errors="0" timestamp="2017-03-26T10:45:02" hostname="luuzun" time="0.005">
  <properties/>
  <testcase name="testSqlSession" classname="MyBatisSqlSessionFactoryTest" time="0.005"/>
  <system-out><![CDATA[SqlSessionFactory Created!
]]></system-out>
  <system-err><![CDATA[]]></system-err>
</testsuite>
